0 info it worked if it ends with ok
1 verbose cli [ 'C:\\Program Files\\nodejs\\\\node.exe',
1 verbose cli   'C:\\Program Files\\nodejs\\node_modules\\npm\\bin\\npm-cli.js',
1 verbose cli   'install',
1 verbose cli   '--save-dev',
1 verbose cli   'bxslider-4' ]
2 info using npm@1.4.28
3 info using node@v0.10.35
4 verbose node symlink C:\Program Files\nodejs\\node.exe
5 warn package.json @ No repository field.
6 verbose readDependencies using package.json deps
7 verbose cache add [ 'bxslider-4', null ]
8 verbose cache add name=undefined spec="bxslider-4" args=["bxslider-4",null]
9 verbose parsed url { protocol: null,
9 verbose parsed url   slashes: null,
9 verbose parsed url   auth: null,
9 verbose parsed url   host: null,
9 verbose parsed url   port: null,
9 verbose parsed url   hostname: null,
9 verbose parsed url   hash: null,
9 verbose parsed url   search: null,
9 verbose parsed url   query: null,
9 verbose parsed url   pathname: 'bxslider-4',
9 verbose parsed url   path: 'bxslider-4',
9 verbose parsed url   href: 'bxslider-4' }
10 silly lockFile 6528ab2a-bxslider-4 bxslider-4
11 verbose lock bxslider-4 C:\Users\rus\AppData\Roaming\npm-cache\6528ab2a-bxslider-4.lock
12 silly lockFile 6528ab2a-bxslider-4 bxslider-4
13 silly lockFile 6528ab2a-bxslider-4 bxslider-4
14 verbose addNamed [ 'bxslider-4', '' ]
15 verbose addNamed [ null, '*' ]
16 silly lockFile 9f237cd8-bxslider-4 bxslider-4@
17 verbose lock bxslider-4@ C:\Users\rus\AppData\Roaming\npm-cache\9f237cd8-bxslider-4.lock
18 silly addNameRange { name: 'bxslider-4', range: '*', hasData: false }
19 verbose request where is /bxslider-4
20 verbose request registry https://registry.npmjs.org/
21 verbose request id 8b034a2b3649d71d
22 verbose url raw /bxslider-4
23 verbose url resolving [ 'https://registry.npmjs.org/', './bxslider-4' ]
24 verbose url resolved https://registry.npmjs.org/bxslider-4
25 verbose request where is https://registry.npmjs.org/bxslider-4
26 info trying registry request attempt 1 at 16:33:34
27 http GET https://registry.npmjs.org/bxslider-4
28 http 404 https://registry.npmjs.org/bxslider-4
29 verbose headers { server: 'CouchDB/1.5.0 (Erlang OTP/R16B03)',
29 verbose headers   'content-type': 'application/json',
29 verbose headers   'cache-control': 'max-age=0',
29 verbose headers   'content-length': '51',
29 verbose headers   'accept-ranges': 'bytes',
29 verbose headers   date: 'Mon, 18 May 2015 11:33:36 GMT',
29 verbose headers   via: '1.1 varnish',
29 verbose headers   age: '0',
29 verbose headers   connection: 'keep-alive',
29 verbose headers   'x-served-by': 'cache-fra1235-FRA',
29 verbose headers   'x-cache': 'MISS',
29 verbose headers   'x-cache-hits': '0',
29 verbose headers   'x-timer': 'S1431948815.741194,VS0,VE713' }
30 silly registry.get cb [ 404,
30 silly registry.get   { server: 'CouchDB/1.5.0 (Erlang OTP/R16B03)',
30 silly registry.get     'content-type': 'application/json',
30 silly registry.get     'cache-control': 'max-age=0',
30 silly registry.get     'content-length': '51',
30 silly registry.get     'accept-ranges': 'bytes',
30 silly registry.get     date: 'Mon, 18 May 2015 11:33:36 GMT',
30 silly registry.get     via: '1.1 varnish',
30 silly registry.get     age: '0',
30 silly registry.get     connection: 'keep-alive',
30 silly registry.get     'x-served-by': 'cache-fra1235-FRA',
30 silly registry.get     'x-cache': 'MISS',
30 silly registry.get     'x-cache-hits': '0',
30 silly registry.get     'x-timer': 'S1431948815.741194,VS0,VE713' } ]
31 silly lockFile 9f237cd8-bxslider-4 bxslider-4@
32 silly lockFile 9f237cd8-bxslider-4 bxslider-4@
33 error 404 404 Not Found: bxslider-4
33 error 404
33 error 404 'bxslider-4' is not in the npm registry.
33 error 404 You should bug the author to publish it
33 error 404
33 error 404 Note that you can also install from a
33 error 404 tarball, folder, or http url, or git url.
34 error System Windows_NT 6.1.7601
35 error command "C:\\Program Files\\nodejs\\\\node.exe" "C:\\Program Files\\nodejs\\node_modules\\npm\\bin\\npm-cli.js" "install" "--save-dev" "bxslider-4"
36 error cwd C:\Users\rus\Documents\projects\dz-2
37 error node -v v0.10.35
38 error npm -v 1.4.28
39 error code E404
40 verbose exit [ 1, true ]
